[32m2024-02-01 17:13:21.111[0;39m [INFO] com.hexaware.springrestjpa.SpringRestJpaApplication [main] Starting SpringRestJpaApplication using Java 17.0.9 with PID 17464 (D:\Java_FSD\spring-rest-jpa\target\classes started by SHUSHL in D:\Java_FSD\spring-rest-jpa)
[32m2024-02-01 17:13:21.118[0;39m [INFO] com.hexaware.springrestjpa.SpringRestJpaApplication [main] No active profile set, falling back to 1 default profile: "default"
[32m2024-02-01 17:13:23.397[0;39m [INFO] org.springframework.data.repository.config.RepositoryConfigurationDelegate [main] Bootstrapping Spring Data JPA repositories in DEFAULT mode.
[32m2024-02-01 17:13:23.530[0;39m [INFO] org.springframework.data.repository.config.RepositoryConfigurationDelegate [main] Finished Spring Data repository scanning in 113 ms. Found 1 JPA repository interface.
[32m2024-02-01 17:13:24.502[0;39m [INFO] org.springframework.boot.web.embedded.tomcat.TomcatWebServer [main] Tomcat initialized with port(s): 8080 (http)
[32m2024-02-01 17:13:24.524[0;39m [INFO] org.apache.catalina.core.StandardService [main] Starting service [Tomcat]
[32m2024-02-01 17:13:24.525[0;39m [INFO] org.apache.catalina.core.StandardEngine [main] Starting Servlet engine: [Apache Tomcat/10.1.18]
[32m2024-02-01 17:13:24.731[0;39m [INFO] org.apache.catalina.core.ContainerBase.[Tomcat].[localhost].[/] [main] Initializing Spring embedded WebApplicationContext
[32m2024-02-01 17:13:24.734[0;39m [INFO] org.springframework.boot.web.servlet.context.ServletWebServerApplicationContext [main] Root WebApplicationContext: initialization completed in 3431 ms
[32m2024-02-01 17:13:25.002[0;39m [INFO] org.hibernate.jpa.internal.util.LogHelper [main] HHH000204: Processing PersistenceUnitInfo [name: default]
[32m2024-02-01 17:13:25.115[0;39m [INFO] org.hibernate.Version [main] HHH000412: Hibernate ORM core version 6.2.20.Final
[32m2024-02-01 17:13:25.121[0;39m [INFO] org.hibernate.cfg.Environment [main] HHH000406: Using bytecode reflection optimizer
[32m2024-02-01 17:13:25.577[0;39m [INFO] org.springframework.orm.jpa.persistenceunit.SpringPersistenceUnitInfo [main] No LoadTimeWeaver setup: ignoring JPA class transformer
[32m2024-02-01 17:13:25.628[0;39m [INFO] com.zaxxer.hikari.HikariDataSource [main] HikariPool-1 - Starting...
[32m2024-02-01 17:13:26.245[0;39m [INFO] com.zaxxer.hikari.pool.HikariPool [main] HikariPool-1 - Added connection com.mysql.cj.jdbc.ConnectionImpl@204b0f07
[32m2024-02-01 17:13:26.249[0;39m [INFO] com.zaxxer.hikari.HikariDataSource [main] HikariPool-1 - Start completed.
[32m2024-02-01 17:13:26.372[0;39m [WARN] org.hibernate.orm.deprecation [main] HHH90000025: MySQL8Dialect does not need to be specified explicitly using 'hibernate.dialect' (remove the property setting and it will be selected by default)
[32m2024-02-01 17:13:26.375[0;39m [WARN] org.hibernate.orm.deprecation [main] HHH90000026: MySQL8Dialect has been deprecated; use org.hibernate.dialect.MySQLDialect instead
[32m2024-02-01 17:13:27.909[0;39m [INFO] org.hibernate.engine.transaction.jta.platform.internal.JtaPlatformInitiator [main] HHH000489: No JTA platform available (set 'hibernate.transaction.jta.platform' to enable JTA platform integration)
[32m2024-02-01 17:13:28.091[0;39m [INFO] org.springframework.orm.jpa.LocalContainerEntityManagerFactoryBean [main] Initialized JPA EntityManagerFactory for persistence unit 'default'
[32m2024-02-01 17:13:28.713[0;39m [INFO] org.springframework.data.jpa.repository.query.QueryEnhancerFactory [main] Hibernate is in classpath; If applicable, HQL parser will be used.
[32m2024-02-01 17:13:29.664[0;39m [WARN] org.springframework.boot.autoconfigure.orm.jpa.JpaBaseConfiguration$JpaWebConfiguration [main] spring.jpa.open-in-view is enabled by default. Therefore, database queries may be performed during view rendering. Explicitly configure spring.jpa.open-in-view to disable this warning
[32m2024-02-01 17:13:31.694[0;39m [INFO] org.springframework.boot.web.embedded.tomcat.TomcatWebServer [main] Tomcat started on port(s): 8080 (http) with context path ''
[32m2024-02-01 17:13:31.724[0;39m [INFO] com.hexaware.springrestjpa.SpringRestJpaApplication [main] Started SpringRestJpaApplication in 11.432 seconds (process running for 13.21)
[32m2024-02-01 17:14:50.095[0;39m [INFO] org.springframework.boot.admin.SpringApplicationAdminMXBeanRegistrar$SpringApplicationAdmin [RMI TCP Connection(3)-127.0.0.1] Application shutdown requested.
[32m2024-02-01 17:14:50.135[0;39m [INFO] org.apache.catalina.core.StandardService [RMI TCP Connection(3)-127.0.0.1] Stopping service [Tomcat]
[32m2024-02-01 17:14:50.178[0;39m [INFO] org.springframework.orm.jpa.LocalContainerEntityManagerFactoryBean [RMI TCP Connection(3)-127.0.0.1] Closing JPA EntityManagerFactory for persistence unit 'default'
[32m2024-02-01 17:14:50.201[0;39m [INFO] com.zaxxer.hikari.HikariDataSource [RMI TCP Connection(3)-127.0.0.1] HikariPool-1 - Shutdown initiated...
[32m2024-02-01 17:14:50.268[0;39m [INFO] com.zaxxer.hikari.HikariDataSource [RMI TCP Connection(3)-127.0.0.1] HikariPool-1 - Shutdown completed.
[32m2024-02-01 17:14:54.948[0;39m [INFO] com.hexaware.springrestjpa.SpringRestJpaApplication [main] Starting SpringRestJpaApplication using Java 17.0.9 with PID 2044 (D:\Java_FSD\spring-rest-jpa\target\classes started by SHUSHL in D:\Java_FSD\spring-rest-jpa)
[32m2024-02-01 17:14:54.954[0;39m [INFO] com.hexaware.springrestjpa.SpringRestJpaApplication [main] No active profile set, falling back to 1 default profile: "default"
[32m2024-02-01 17:14:56.451[0;39m [INFO] org.springframework.data.repository.config.RepositoryConfigurationDelegate [main] Bootstrapping Spring Data JPA repositories in DEFAULT mode.
[32m2024-02-01 17:14:56.555[0;39m [INFO] org.springframework.data.repository.config.RepositoryConfigurationDelegate [main] Finished Spring Data repository scanning in 87 ms. Found 1 JPA repository interface.
[32m2024-02-01 17:14:57.574[0;39m [INFO] org.springframework.boot.web.embedded.tomcat.TomcatWebServer [main] Tomcat initialized with port(s): 8080 (http)
[32m2024-02-01 17:14:57.596[0;39m [INFO] org.apache.catalina.core.StandardService [main] Starting service [Tomcat]
[32m2024-02-01 17:14:57.597[0;39m [INFO] org.apache.catalina.core.StandardEngine [main] Starting Servlet engine: [Apache Tomcat/10.1.18]
[32m2024-02-01 17:14:57.793[0;39m [INFO] org.apache.catalina.core.ContainerBase.[Tomcat].[localhost].[/] [main] Initializing Spring embedded WebApplicationContext
[32m2024-02-01 17:14:57.795[0;39m [INFO] org.springframework.boot.web.servlet.context.ServletWebServerApplicationContext [main] Root WebApplicationContext: initialization completed in 2741 ms
[32m2024-02-01 17:14:58.030[0;39m [INFO] org.hibernate.jpa.internal.util.LogHelper [main] HHH000204: Processing PersistenceUnitInfo [name: default]
[32m2024-02-01 17:14:58.117[0;39m [INFO] org.hibernate.Version [main] HHH000412: Hibernate ORM core version 6.2.20.Final
[32m2024-02-01 17:14:58.125[0;39m [INFO] org.hibernate.cfg.Environment [main] HHH000406: Using bytecode reflection optimizer
[32m2024-02-01 17:14:58.515[0;39m [INFO] org.springframework.orm.jpa.persistenceunit.SpringPersistenceUnitInfo [main] No LoadTimeWeaver setup: ignoring JPA class transformer
[32m2024-02-01 17:14:58.558[0;39m [INFO] com.zaxxer.hikari.HikariDataSource [main] HikariPool-1 - Starting...
[32m2024-02-01 17:14:59.294[0;39m [INFO] com.zaxxer.hikari.pool.HikariPool [main] HikariPool-1 - Added connection com.mysql.cj.jdbc.ConnectionImpl@7769d9b6
[32m2024-02-01 17:14:59.298[0;39m [INFO] com.zaxxer.hikari.HikariDataSource [main] HikariPool-1 - Start completed.
[32m2024-02-01 17:14:59.404[0;39m [WARN] org.hibernate.orm.deprecation [main] HHH90000025: MySQL8Dialect does not need to be specified explicitly using 'hibernate.dialect' (remove the property setting and it will be selected by default)
[32m2024-02-01 17:14:59.407[0;39m [WARN] org.hibernate.orm.deprecation [main] HHH90000026: MySQL8Dialect has been deprecated; use org.hibernate.dialect.MySQLDialect instead
[32m2024-02-01 17:15:00.809[0;39m [INFO] org.hibernate.engine.transaction.jta.platform.internal.JtaPlatformInitiator [main] HHH000489: No JTA platform available (set 'hibernate.transaction.jta.platform' to enable JTA platform integration)
[32m2024-02-01 17:15:00.948[0;39m [INFO] org.springframework.orm.jpa.LocalContainerEntityManagerFactoryBean [main] Initialized JPA EntityManagerFactory for persistence unit 'default'
[32m2024-02-01 17:15:01.324[0;39m [INFO] org.springframework.data.jpa.repository.query.QueryEnhancerFactory [main] Hibernate is in classpath; If applicable, HQL parser will be used.
[32m2024-02-01 17:15:02.149[0;39m [WARN] org.springframework.boot.autoconfigure.orm.jpa.JpaBaseConfiguration$JpaWebConfiguration [main] spring.jpa.open-in-view is enabled by default. Therefore, database queries may be performed during view rendering. Explicitly configure spring.jpa.open-in-view to disable this warning
[32m2024-02-01 17:15:03.856[0;39m [INFO] org.springframework.boot.web.embedded.tomcat.TomcatWebServer [main] Tomcat started on port(s): 8080 (http) with context path ''
[32m2024-02-01 17:15:03.882[0;39m [INFO] com.hexaware.springrestjpa.SpringRestJpaApplication [main] Started SpringRestJpaApplication in 9.737 seconds (process running for 11.071)
[32m2024-02-01 19:30:23.050[0;39m [WARN] com.zaxxer.hikari.pool.HikariPool [HikariPool-1 housekeeper] HikariPool-1 - Thread starvation or clock leap detected (housekeeper delta=1h6m22s544ms867µs300ns).
[32m2024-02-01 19:33:45.694[0;39m [INFO] org.springframework.boot.admin.SpringApplicationAdminMXBeanRegistrar$SpringApplicationAdmin [RMI TCP Connection(76)-127.0.0.1] Application shutdown requested.
[32m2024-02-01 19:33:46.192[0;39m [INFO] org.apache.catalina.core.StandardService [RMI TCP Connection(76)-127.0.0.1] Stopping service [Tomcat]
[32m2024-02-01 19:33:46.670[0;39m [INFO] org.springframework.orm.jpa.LocalContainerEntityManagerFactoryBean [RMI TCP Connection(76)-127.0.0.1] Closing JPA EntityManagerFactory for persistence unit 'default'
[32m2024-02-01 19:33:46.789[0;39m [INFO] com.zaxxer.hikari.HikariDataSource [RMI TCP Connection(76)-127.0.0.1] HikariPool-1 - Shutdown initiated...
[32m2024-02-01 19:33:46.843[0;39m [INFO] com.zaxxer.hikari.HikariDataSource [RMI TCP Connection(76)-127.0.0.1] HikariPool-1 - Shutdown completed.
